  [1m[35m (166.7ms)[0m  [1m[35mCREATE DATABASE "time_tracker_extension_development" ENCODING = 'unicode'[0m
  ↳ bin/rails:14
  [1m[35m (65.8ms)[0m  [1m[35mCREATE DATABASE "time_tracker_extension_test" ENCODING = 'unicode'[0m
  ↳ bin/rails:14
  [1m[35m (9.3ms)[0m  [1m[35mCREATE TABLE "schema_migrations" ("version" character varying NOT NULL PRIMARY KEY)[0m
  ↳ bin/rails:14
  [1m[35m (1.9ms)[0m  [1m[35mCREATE TABLE "ar_internal_metadata" ("key" character varying NOT NULL PRIMARY KEY, "value" character varying, "created_at" timestamp NOT NULL, "updated_at" timestamp NOT NULL)[0m
  ↳ bin/rails:14
  [1m[35m (0.4ms)[0m  [1m[34mSELECT pg_try_advisory_lock(5675721763788864375)[0m
  ↳ bin/rails:14
  [1m[35m (0.4ms)[0m  [1m[34mSELECT "schema_migrations"."version" FROM "schema_migrations" ORDER BY "schema_migrations"."version" ASC[0m
  ↳ bin/rails:14
Migrating to CreateTimeTrackerExtensionTimeLockingRules (20200523130840)
  [1m[35m (0.1ms)[0m  [1m[35mBEGIN[0m
  ↳ bin/rails:14
  [1m[35m (4.6ms)[0m  [1m[35mCREATE TABLE "time_tracker_extension_time_locking_rules" ("id" bigserial primary key, "workspace_id" integer, "period" integer, "created_at" timestamp NOT NULL, "updated_at" timestamp NOT NULL)[0m
  ↳ /Users/andressild/Projects/time_tracker_extension/db/migrate/20200523130840_create_time_tracker_extension_time_locking_rules.rb:3
  [1m[36mActiveRecord::SchemaMigration Create (0.5ms)[0m  [1m[32mINSERT INTO "schema_migrations" ("version") VALUES ($1) RETURNING "version"[0m  [["version", "20200523130840"]]
  ↳ bin/rails:14
  [1m[35m (0.5ms)[0m  [1m[35mCOMMIT[0m
  ↳ bin/rails:14
  [1m[36mActiveRecord::InternalMetadata Load (0.3ms)[0m  [1m[34mSELECT  "ar_internal_metadata".* FROM "ar_internal_metadata" WHERE "ar_internal_metadata"."key" = $1 LIMIT $2[0m  [["key", "environment"], ["LIMIT", 1]]
  ↳ bin/rails:14
  [1m[35m (0.2ms)[0m  [1m[35mBEGIN[0m
  ↳ bin/rails:14
  [1m[36mActiveRecord::InternalMetadata Create (0.4ms)[0m  [1m[32mINSERT INTO "ar_internal_metadata" ("key", "value", "created_at", "updated_at") VALUES ($1, $2, $3, $4) RETURNING "key"[0m  [["key", "environment"], ["value", "development"], ["created_at", "2020-05-23 13:09:49.031236"], ["updated_at", "2020-05-23 13:09:49.031236"]]
  ↳ bin/rails:14
  [1m[35m (0.3ms)[0m  [1m[35mCOMMIT[0m
  ↳ bin/rails:14
  [1m[35m (0.2ms)[0m  [1m[34mSELECT pg_advisory_unlock(5675721763788864375)[0m
  ↳ bin/rails:14
  [1m[35m (0.2ms)[0m  [1m[34mSELECT "schema_migrations"."version" FROM "schema_migrations" ORDER BY "schema_migrations"."version" ASC[0m
  ↳ bin/rails:14
